{"C:\\Users\\JackyFu\\Desktop\\work\\CSE186\\A7\\frontend\\src\\App.jsx": {"path":"C:\\Users\\JackyFu\\Desktop\\work\\CSE186\\A7\\frontend\\src\\App.jsx","all":false,"statementMap":{"11":{"start":{"line":12,"column":0},"end":{"line":12,"column":58}},"12":{"start":{"line":13,"column":0},"end":{"line":13,"column":53}},"13":{"start":{"line":14,"column":0},"end":{"line":14,"column":30}},"14":{"start":{"line":15,"column":0},"end":{"line":15,"column":32}},"15":{"start":{"line":16,"column":0},"end":{"line":16,"column":36}},"18":{"start":{"line":19,"column":0},"end":{"line":19,"column":43}},"19":{"start":{"line":20,"column":0},"end":{"line":20,"column":53}},"24":{"start":{"line":25,"column":0},"end":{"line":25,"column":16}},"25":{"start":{"line":26,"column":0},"end":{"line":26,"column":66}},"26":{"start":{"line":27,"column":0},"end":{"line":27,"column":10}},"27":{"start":{"line":28,"column":0},"end":{"line":28,"column":25}},"28":{"start":{"line":29,"column":0},"end":{"line":29,"column":14}},"29":{"start":{"line":30,"column":0},"end":{"line":30,"column":24}},"30":{"start":{"line":31,"column":0},"end":{"line":31,"column":27}},"31":{"start":{"line":32,"column":0},"end":{"line":32,"column":8}},"33":{"start":{"line":34,"column":0},"end":{"line":34,"column":21}},"34":{"start":{"line":35,"column":0},"end":{"line":35,"column":76}},"35":{"start":{"line":36,"column":0},"end":{"line":36,"column":18}},"37":{"start":{"line":38,"column":0},"end":{"line":38,"column":41}},"38":{"start":{"line":39,"column":0},"end":{"line":39,"column":39}},"39":{"start":{"line":40,"column":0},"end":{"line":40,"column":31}},"40":{"start":{"line":41,"column":0},"end":{"line":41,"column":28}},"41":{"start":{"line":42,"column":0},"end":{"line":42,"column":23}},"42":{"start":{"line":43,"column":0},"end":{"line":43,"column":17}},"44":{"start":{"line":45,"column":0},"end":{"line":45,"column":15}},"45":{"start":{"line":46,"column":0},"end":{"line":46,"column":16}},"46":{"start":{"line":47,"column":0},"end":{"line":47,"column":19}},"47":{"start":{"line":48,"column":0},"end":{"line":48,"column":17}},"48":{"start":{"line":49,"column":0},"end":{"line":49,"column":39}},"49":{"start":{"line":50,"column":0},"end":{"line":50,"column":25}},"50":{"start":{"line":51,"column":0},"end":{"line":51,"column":29}},"51":{"start":{"line":52,"column":0},"end":{"line":52,"column":44}},"52":{"start":{"line":53,"column":0},"end":{"line":53,"column":14}},"54":{"start":{"line":55,"column":0},"end":{"line":55,"column":25}},"55":{"start":{"line":56,"column":0},"end":{"line":56,"column":17}},"56":{"start":{"line":57,"column":0},"end":{"line":57,"column":15}},"57":{"start":{"line":58,"column":0},"end":{"line":58,"column":12}},"58":{"start":{"line":59,"column":0},"end":{"line":59,"column":27}},"60":{"start":{"line":61,"column":0},"end":{"line":61,"column":1}},"62":{"start":{"line":63,"column":0},"end":{"line":63,"column":19}}},"s":{"11":1,"12":1,"13":1,"14":1,"15":1,"18":1,"19":1,"24":1,"25":1,"26":1,"27":1,"28":1,"29":1,"30":1,"31":1,"33":1,"34":1,"35":1,"37":1,"38":1,"39":1,"40":1,"41":1,"42":1,"44":1,"45":1,"46":1,"47":1,"48":1,"49":1,"50":1,"51":1,"52":1,"54":1,"55":1,"56":1,"57":1,"58":1,"60":1,"62":1},"branchMap":{"0":{"type":"branch","line":20,"loc":{"start":{"line":20,"column":23},"end":{"line":20,"column":53}},"locations":[{"start":{"line":20,"column":23},"end":{"line":20,"column":53}}]},"1":{"type":"branch","line":25,"loc":{"start":{"line":25,"column":0},"end":{"line":61,"column":1}},"locations":[{"start":{"line":25,"column":0},"end":{"line":61,"column":1}}]}},"b":{"0":[36],"1":[1]},"fnMap":{"0":{"name":"useMail","decl":{"start":{"line":20,"column":23},"end":{"line":20,"column":53}},"loc":{"start":{"line":20,"column":23},"end":{"line":20,"column":53}},"line":20},"1":{"name":"App","decl":{"start":{"line":25,"column":0},"end":{"line":61,"column":1}},"loc":{"start":{"line":25,"column":0},"end":{"line":61,"column":1}},"line":25}},"f":{"0":36,"1":1}}
,"C:\\Users\\JackyFu\\Desktop\\work\\CSE186\\A7\\frontend\\src\\EmailList.jsx": {"path":"C:\\Users\\JackyFu\\Desktop\\work\\CSE186\\A7\\frontend\\src\\EmailList.jsx","all":false,"statementMap":{"0":{"start":{"line":1,"column":0},"end":{"line":1,"column":50}},"1":{"start":{"line":2,"column":0},"end":{"line":2,"column":74}},"2":{"start":{"line":3,"column":0},"end":{"line":3,"column":52}},"3":{"start":{"line":4,"column":0},"end":{"line":4,"column":30}},"4":{"start":{"line":5,"column":0},"end":{"line":5,"column":35}},"9":{"start":{"line":10,"column":0},"end":{"line":10,"column":22}},"10":{"start":{"line":11,"column":0},"end":{"line":11,"column":38}},"11":{"start":{"line":12,"column":0},"end":{"line":12,"column":43}},"12":{"start":{"line":13,"column":0},"end":{"line":13,"column":48}},"13":{"start":{"line":14,"column":0},"end":{"line":14,"column":31}},"15":{"start":{"line":16,"column":0},"end":{"line":16,"column":36}},"16":{"start":{"line":17,"column":0},"end":{"line":17,"column":18}},"17":{"start":{"line":18,"column":0},"end":{"line":18,"column":53}},"18":{"start":{"line":19,"column":0},"end":{"line":19,"column":76}},"19":{"start":{"line":20,"column":0},"end":{"line":20,"column":36}},"20":{"start":{"line":21,"column":0},"end":{"line":21,"column":27}},"21":{"start":{"line":22,"column":0},"end":{"line":22,"column":60}},"22":{"start":{"line":23,"column":0},"end":{"line":23,"column":59}},"23":{"start":{"line":24,"column":0},"end":{"line":24,"column":36}},"24":{"start":{"line":25,"column":0},"end":{"line":25,"column":46}},"25":{"start":{"line":26,"column":0},"end":{"line":26,"column":5}},"26":{"start":{"line":27,"column":0},"end":{"line":27,"column":4}},"27":{"start":{"line":28,"column":0},"end":{"line":28,"column":19}},"28":{"start":{"line":29,"column":0},"end":{"line":29,"column":33}},"29":{"start":{"line":30,"column":0},"end":{"line":30,"column":21}},"30":{"start":{"line":31,"column":0},"end":{"line":31,"column":24}},"32":{"start":{"line":33,"column":0},"end":{"line":33,"column":42}},"33":{"start":{"line":34,"column":0},"end":{"line":34,"column":88}},"34":{"start":{"line":35,"column":0},"end":{"line":35,"column":24}},"35":{"start":{"line":36,"column":0},"end":{"line":36,"column":23}},"36":{"start":{"line":37,"column":0},"end":{"line":37,"column":37}},"37":{"start":{"line":38,"column":0},"end":{"line":38,"column":66}},"38":{"start":{"line":39,"column":0},"end":{"line":39,"column":11}},"39":{"start":{"line":40,"column":0},"end":{"line":40,"column":11}},"40":{"start":{"line":41,"column":0},"end":{"line":41,"column":4}},"42":{"start":{"line":43,"column":0},"end":{"line":43,"column":19}},"43":{"start":{"line":44,"column":0},"end":{"line":44,"column":26}},"44":{"start":{"line":45,"column":0},"end":{"line":45,"column":24}},"45":{"start":{"line":46,"column":0},"end":{"line":46,"column":30}},"46":{"start":{"line":47,"column":0},"end":{"line":47,"column":40}},"47":{"start":{"line":48,"column":0},"end":{"line":48,"column":9}},"48":{"start":{"line":49,"column":0},"end":{"line":49,"column":12}},"49":{"start":{"line":50,"column":0},"end":{"line":50,"column":5}},"50":{"start":{"line":51,"column":0},"end":{"line":51,"column":24}},"52":{"start":{"line":53,"column":0},"end":{"line":53,"column":58}},"53":{"start":{"line":54,"column":0},"end":{"line":54,"column":37}},"54":{"start":{"line":55,"column":0},"end":{"line":55,"column":45}},"55":{"start":{"line":56,"column":0},"end":{"line":56,"column":71}},"56":{"start":{"line":57,"column":0},"end":{"line":57,"column":12}},"57":{"start":{"line":58,"column":0},"end":{"line":58,"column":49}},"58":{"start":{"line":59,"column":0},"end":{"line":59,"column":75}},"59":{"start":{"line":60,"column":0},"end":{"line":60,"column":5}},"60":{"start":{"line":61,"column":0},"end":{"line":61,"column":4}},"62":{"start":{"line":63,"column":0},"end":{"line":63,"column":63}},"63":{"start":{"line":64,"column":0},"end":{"line":64,"column":37}},"64":{"start":{"line":65,"column":0},"end":{"line":65,"column":27}},"65":{"start":{"line":66,"column":0},"end":{"line":66,"column":45}},"66":{"start":{"line":67,"column":0},"end":{"line":67,"column":49}},"67":{"start":{"line":68,"column":0},"end":{"line":68,"column":52}},"68":{"start":{"line":69,"column":0},"end":{"line":69,"column":7}},"69":{"start":{"line":70,"column":0},"end":{"line":70,"column":52}},"70":{"start":{"line":71,"column":0},"end":{"line":71,"column":12}},"71":{"start":{"line":72,"column":0},"end":{"line":72,"column":29}},"72":{"start":{"line":73,"column":0},"end":{"line":73,"column":5}},"73":{"start":{"line":74,"column":0},"end":{"line":74,"column":4}},"75":{"start":{"line":76,"column":0},"end":{"line":76,"column":10}},"76":{"start":{"line":77,"column":0},"end":{"line":77,"column":8}},"77":{"start":{"line":78,"column":0},"end":{"line":78,"column":29}},"78":{"start":{"line":79,"column":0},"end":{"line":79,"column":11}},"79":{"start":{"line":80,"column":0},"end":{"line":80,"column":20}},"80":{"start":{"line":81,"column":0},"end":{"line":81,"column":26}},"81":{"start":{"line":82,"column":0},"end":{"line":82,"column":26}},"82":{"start":{"line":83,"column":0},"end":{"line":83,"column":8}},"83":{"start":{"line":84,"column":0},"end":{"line":84,"column":19}},"85":{"start":{"line":86,"column":0},"end":{"line":86,"column":18}},"86":{"start":{"line":87,"column":0},"end":{"line":87,"column":41}},"88":{"start":{"line":89,"column":0},"end":{"line":89,"column":75}},"89":{"start":{"line":90,"column":0},"end":{"line":90,"column":34}},"90":{"start":{"line":91,"column":0},"end":{"line":91,"column":21}},"91":{"start":{"line":92,"column":0},"end":{"line":92,"column":20}},"92":{"start":{"line":93,"column":0},"end":{"line":93,"column":28}},"93":{"start":{"line":94,"column":0},"end":{"line":94,"column":19}},"94":{"start":{"line":95,"column":0},"end":{"line":95,"column":32}},"95":{"start":{"line":96,"column":0},"end":{"line":96,"column":48}},"96":{"start":{"line":97,"column":0},"end":{"line":97,"column":37}},"97":{"start":{"line":98,"column":0},"end":{"line":98,"column":29}},"98":{"start":{"line":99,"column":0},"end":{"line":99,"column":16}},"100":{"start":{"line":101,"column":0},"end":{"line":101,"column":25}},"101":{"start":{"line":102,"column":0},"end":{"line":102,"column":72}},"102":{"start":{"line":103,"column":0},"end":{"line":103,"column":59}},"103":{"start":{"line":104,"column":0},"end":{"line":104,"column":54}},"105":{"start":{"line":106,"column":0},"end":{"line":106,"column":30}},"106":{"start":{"line":107,"column":0},"end":{"line":107,"column":27}},"108":{"start":{"line":109,"column":0},"end":{"line":109,"column":49}},"109":{"start":{"line":110,"column":0},"end":{"line":110,"column":58}},"110":{"start":{"line":111,"column":0},"end":{"line":111,"column":27}},"111":{"start":{"line":112,"column":0},"end":{"line":112,"column":46}},"112":{"start":{"line":113,"column":0},"end":{"line":113,"column":33}},"113":{"start":{"line":114,"column":0},"end":{"line":114,"column":23}},"114":{"start":{"line":115,"column":0},"end":{"line":115,"column":28}},"115":{"start":{"line":116,"column":0},"end":{"line":116,"column":39}},"116":{"start":{"line":117,"column":0},"end":{"line":117,"column":41}},"117":{"start":{"line":118,"column":0},"end":{"line":118,"column":45}},"118":{"start":{"line":119,"column":0},"end":{"line":119,"column":20}},"120":{"start":{"line":121,"column":0},"end":{"line":121,"column":67}},"121":{"start":{"line":122,"column":0},"end":{"line":122,"column":29}},"123":{"start":{"line":124,"column":0},"end":{"line":124,"column":27}},"124":{"start":{"line":125,"column":0},"end":{"line":125,"column":47}},"125":{"start":{"line":126,"column":0},"end":{"line":126,"column":33}},"126":{"start":{"line":127,"column":0},"end":{"line":127,"column":23}},"127":{"start":{"line":128,"column":0},"end":{"line":128,"column":39}},"128":{"start":{"line":129,"column":0},"end":{"line":129,"column":41}},"129":{"start":{"line":130,"column":0},"end":{"line":130,"column":45}},"130":{"start":{"line":131,"column":0},"end":{"line":131,"column":34}},"131":{"start":{"line":132,"column":0},"end":{"line":132,"column":20}},"133":{"start":{"line":134,"column":0},"end":{"line":134,"column":33}},"134":{"start":{"line":135,"column":0},"end":{"line":135,"column":29}},"136":{"start":{"line":137,"column":0},"end":{"line":137,"column":20}},"138":{"start":{"line":139,"column":0},"end":{"line":139,"column":25}},"139":{"start":{"line":140,"column":0},"end":{"line":140,"column":31}},"140":{"start":{"line":141,"column":0},"end":{"line":141,"column":42}},"141":{"start":{"line":142,"column":0},"end":{"line":142,"column":21}},"142":{"start":{"line":143,"column":0},"end":{"line":143,"column":37}},"143":{"start":{"line":144,"column":0},"end":{"line":144,"column":39}},"144":{"start":{"line":145,"column":0},"end":{"line":145,"column":43}},"145":{"start":{"line":146,"column":0},"end":{"line":146,"column":18}},"147":{"start":{"line":148,"column":0},"end":{"line":148,"column":44}},"148":{"start":{"line":149,"column":0},"end":{"line":149,"column":27}},"149":{"start":{"line":150,"column":0},"end":{"line":150,"column":23}},"150":{"start":{"line":151,"column":0},"end":{"line":151,"column":13}},"151":{"start":{"line":152,"column":0},"end":{"line":152,"column":15}},"154":{"start":{"line":155,"column":0},"end":{"line":155,"column":10}},"156":{"start":{"line":157,"column":0},"end":{"line":157,"column":1}},"158":{"start":{"line":159,"column":0},"end":{"line":159,"column":25}}},"s":{"0":1,"1":1,"2":1,"3":1,"4":1,"9":24,"10":24,"11":24,"12":24,"13":24,"15":24,"16":8,"17":8,"18":8,"19":8,"20":8,"21":8,"22":8,"23":8,"24":8,"25":8,"26":8,"27":24,"28":8,"29":8,"30":24,"32":24,"33":1,"34":1,"35":1,"36":1,"37":1,"38":1,"39":1,"40":1,"42":24,"43":8,"44":8,"45":8,"46":7,"47":7,"48":8,"49":8,"50":24,"52":24,"53":7,"54":3,"55":3,"56":7,"57":4,"58":4,"59":4,"60":7,"62":24,"63":7,"64":3,"65":7,"66":2,"67":1,"68":1,"69":1,"70":2,"71":2,"72":2,"73":7,"75":24,"76":24,"77":24,"78":24,"79":24,"80":24,"81":24,"82":24,"83":24,"85":24,"86":8,"88":16,"89":16,"90":7,"91":7,"92":7,"93":7,"94":7,"95":7,"96":7,"97":7,"98":7,"100":7,"101":7,"102":7,"103":7,"105":7,"106":7,"108":7,"109":7,"110":7,"111":7,"112":7,"113":7,"114":7,"115":7,"116":7,"117":7,"118":7,"120":7,"121":7,"123":7,"124":7,"125":7,"126":7,"127":7,"128":7,"129":7,"130":7,"131":7,"133":7,"134":7,"136":7,"138":7,"139":7,"140":7,"141":7,"142":7,"143":7,"144":7,"145":7,"147":7,"148":7,"149":7,"150":16,"151":16,"154":24,"156":24,"158":1},"branchMap":{"0":{"type":"branch","line":10,"loc":{"start":{"line":10,"column":0},"end":{"line":157,"column":1}},"locations":[{"start":{"line":10,"column":0},"end":{"line":157,"column":1}}]},"1":{"type":"branch","line":86,"loc":{"start":{"line":86,"column":7},"end":{"line":87,"column":41}},"locations":[{"start":{"line":86,"column":7},"end":{"line":87,"column":41}}]},"2":{"type":"branch","line":87,"loc":{"start":{"line":87,"column":28},"end":{"line":152,"column":15}},"locations":[{"start":{"line":87,"column":28},"end":{"line":152,"column":15}}]},"3":{"type":"branch","line":16,"loc":{"start":{"line":16,"column":22},"end":{"line":27,"column":4}},"locations":[{"start":{"line":16,"column":22},"end":{"line":27,"column":4}}]},"4":{"type":"branch","line":20,"loc":{"start":{"line":20,"column":16},"end":{"line":20,"column":35}},"locations":[{"start":{"line":20,"column":16},"end":{"line":20,"column":35}}]},"5":{"type":"branch","line":21,"loc":{"start":{"line":21,"column":16},"end":{"line":25,"column":11}},"locations":[{"start":{"line":21,"column":16},"end":{"line":25,"column":11}}]},"6":{"type":"branch","line":22,"loc":{"start":{"line":22,"column":51},"end":{"line":23,"column":57}},"locations":[{"start":{"line":22,"column":51},"end":{"line":23,"column":57}}]},"7":{"type":"branch","line":25,"loc":{"start":{"line":25,"column":21},"end":{"line":25,"column":44}},"locations":[{"start":{"line":25,"column":21},"end":{"line":25,"column":44}}]},"8":{"type":"branch","line":28,"loc":{"start":{"line":28,"column":12},"end":{"line":31,"column":5}},"locations":[{"start":{"line":28,"column":12},"end":{"line":31,"column":5}}]},"9":{"type":"branch","line":33,"loc":{"start":{"line":33,"column":28},"end":{"line":41,"column":4}},"locations":[{"start":{"line":33,"column":28},"end":{"line":41,"column":4}}]},"10":{"type":"branch","line":35,"loc":{"start":{"line":35,"column":14},"end":{"line":40,"column":9}},"locations":[{"start":{"line":35,"column":14},"end":{"line":40,"column":9}}]},"11":{"type":"branch","line":37,"loc":{"start":{"line":37,"column":22},"end":{"line":38,"column":64}},"locations":[{"start":{"line":37,"column":22},"end":{"line":38,"column":64}}]},"12":{"type":"branch","line":38,"loc":{"start":{"line":38,"column":32},"end":{"line":38,"column":63}},"locations":[{"start":{"line":38,"column":32},"end":{"line":38,"column":63}}]},"13":{"type":"branch","line":43,"loc":{"start":{"line":43,"column":12},"end":{"line":51,"column":5}},"locations":[{"start":{"line":43,"column":12},"end":{"line":51,"column":5}}]},"14":{"type":"branch","line":45,"loc":{"start":{"line":45,"column":17},"end":{"line":49,"column":9}},"locations":[{"start":{"line":45,"column":17},"end":{"line":49,"column":9}}]},"15":{"type":"branch","line":46,"loc":{"start":{"line":46,"column":29},"end":{"line":48,"column":9}},"locations":[{"start":{"line":46,"column":29},"end":{"line":48,"column":9}}]},"16":{"type":"branch","line":53,"loc":{"start":{"line":53,"column":29},"end":{"line":61,"column":4}},"locations":[{"start":{"line":53,"column":29},"end":{"line":61,"column":4}}]},"17":{"type":"branch","line":54,"loc":{"start":{"line":54,"column":36},"end":{"line":57,"column":11}},"locations":[{"start":{"line":54,"column":36},"end":{"line":57,"column":11}}]},"18":{"type":"branch","line":57,"loc":{"start":{"line":57,"column":4},"end":{"line":60,"column":5}},"locations":[{"start":{"line":57,"column":4},"end":{"line":60,"column":5}}]},"19":{"type":"branch","line":63,"loc":{"start":{"line":63,"column":34},"end":{"line":74,"column":4}},"locations":[{"start":{"line":63,"column":34},"end":{"line":74,"column":4}}]},"20":{"type":"branch","line":64,"loc":{"start":{"line":64,"column":36},"end":{"line":66,"column":15}},"locations":[{"start":{"line":64,"column":36},"end":{"line":66,"column":15}}]},"21":{"type":"branch","line":66,"loc":{"start":{"line":66,"column":4},"end":{"line":73,"column":5}},"locations":[{"start":{"line":66,"column":4},"end":{"line":73,"column":5}}]},"22":{"type":"branch","line":66,"loc":{"start":{"line":66,"column":44},"end":{"line":73,"column":5}},"locations":[{"start":{"line":66,"column":44},"end":{"line":73,"column":5}}]},"23":{"type":"branch","line":67,"loc":{"start":{"line":67,"column":48},"end":{"line":71,"column":11}},"locations":[{"start":{"line":67,"column":48},"end":{"line":71,"column":11}}]},"24":{"type":"branch","line":90,"loc":{"start":{"line":90,"column":22},"end":{"line":150,"column":23}},"locations":[{"start":{"line":90,"column":22},"end":{"line":150,"column":23}}]},"25":{"type":"branch","line":103,"loc":{"start":{"line":103,"column":25},"end":{"line":103,"column":59}},"locations":[{"start":{"line":103,"column":25},"end":{"line":103,"column":59}}]}},"b":{"0":[24],"1":[8],"2":[16],"3":[8],"4":[8],"5":[8],"6":[521],"7":[8],"8":[8],"9":[1],"10":[1],"11":[1],"12":[1],"13":[8],"14":[8],"15":[7],"16":[7],"17":[3],"18":[4],"19":[7],"20":[3],"21":[4],"22":[2],"23":[1],"24":[7],"25":[1]},"fnMap":{"0":{"name":"EmailList","decl":{"start":{"line":10,"column":0},"end":{"line":157,"column":1}},"loc":{"start":{"line":10,"column":0},"end":{"line":157,"column":1}},"line":10},"1":{"name":"fetchEmails","decl":{"start":{"line":16,"column":22},"end":{"line":27,"column":4}},"loc":{"start":{"line":16,"column":22},"end":{"line":27,"column":4}},"line":16},"2":{"name":"handleMoveToTrash","decl":{"start":{"line":33,"column":28},"end":{"line":41,"column":4}},"loc":{"start":{"line":33,"column":28},"end":{"line":41,"column":4}},"line":33},"3":{"name":"ariaLabelForDelete","decl":{"start":{"line":53,"column":29},"end":{"line":61,"column":4}},"loc":{"start":{"line":53,"column":29},"end":{"line":61,"column":4}},"line":53},"4":{"name":"nameInDifferentMailList","decl":{"start":{"line":63,"column":34},"end":{"line":74,"column":4}},"loc":{"start":{"line":63,"column":34},"end":{"line":74,"column":4}},"line":63},"5":{"name":"onClick","decl":{"start":{"line":103,"column":25},"end":{"line":103,"column":59}},"loc":{"start":{"line":103,"column":25},"end":{"line":103,"column":59}},"line":103}},"f":{"0":24,"1":8,"2":1,"3":7,"4":7,"5":1}}
,"C:\\Users\\JackyFu\\Desktop\\work\\CSE186\\A7\\frontend\\src\\Header.jsx": {"path":"C:\\Users\\JackyFu\\Desktop\\work\\CSE186\\A7\\frontend\\src\\Header.jsx","all":false,"statementMap":{"0":{"start":{"line":1,"column":0},"end":{"line":1,"column":58}},"1":{"start":{"line":2,"column":0},"end":{"line":2,"column":30}},"6":{"start":{"line":7,"column":0},"end":{"line":7,"column":19}},"7":{"start":{"line":8,"column":0},"end":{"line":8,"column":38}},"9":{"start":{"line":10,"column":0},"end":{"line":10,"column":10}},"10":{"start":{"line":11,"column":0},"end":{"line":11,"column":50}},"11":{"start":{"line":12,"column":0},"end":{"line":12,"column":15}},"12":{"start":{"line":13,"column":0},"end":{"line":13,"column":19}},"13":{"start":{"line":14,"column":0},"end":{"line":14,"column":22}},"14":{"start":{"line":15,"column":0},"end":{"line":15,"column":15}},"15":{"start":{"line":16,"column":0},"end":{"line":16,"column":24}},"16":{"start":{"line":17,"column":0},"end":{"line":17,"column":33}},"17":{"start":{"line":18,"column":0},"end":{"line":18,"column":36}},"18":{"start":{"line":19,"column":0},"end":{"line":19,"column":12}},"19":{"start":{"line":20,"column":0},"end":{"line":20,"column":9}},"20":{"start":{"line":21,"column":0},"end":{"line":21,"column":59}},"21":{"start":{"line":22,"column":0},"end":{"line":22,"column":21}},"22":{"start":{"line":23,"column":0},"end":{"line":23,"column":16}},"23":{"start":{"line":24,"column":0},"end":{"line":24,"column":13}},"25":{"start":{"line":26,"column":0},"end":{"line":26,"column":1}},"28":{"start":{"line":29,"column":0},"end":{"line":29,"column":22}}},"s":{"0":1,"1":1,"6":3,"7":3,"9":3,"10":3,"11":3,"12":3,"13":3,"14":3,"15":3,"16":3,"17":3,"18":3,"19":3,"20":3,"21":3,"22":3,"23":3,"25":3,"28":1},"branchMap":{"0":{"type":"branch","line":7,"loc":{"start":{"line":7,"column":0},"end":{"line":26,"column":1}},"locations":[{"start":{"line":7,"column":0},"end":{"line":26,"column":1}}]}},"b":{"0":[3]},"fnMap":{"0":{"name":"Header","decl":{"start":{"line":7,"column":0},"end":{"line":26,"column":1}},"loc":{"start":{"line":7,"column":0},"end":{"line":26,"column":1}},"line":7}},"f":{"0":3}}
,"C:\\Users\\JackyFu\\Desktop\\work\\CSE186\\A7\\frontend\\src\\Sidebar.jsx": {"path":"C:\\Users\\JackyFu\\Desktop\\work\\CSE186\\A7\\frontend\\src\\Sidebar.jsx","all":false,"statementMap":{"0":{"start":{"line":1,"column":0},"end":{"line":1,"column":42}},"1":{"start":{"line":2,"column":0},"end":{"line":2,"column":31}},"3":{"start":{"line":4,"column":0},"end":{"line":4,"column":62}},"4":{"start":{"line":5,"column":0},"end":{"line":5,"column":50}},"5":{"start":{"line":6,"column":0},"end":{"line":6,"column":30}},"10":{"start":{"line":11,"column":0},"end":{"line":11,"column":20}},"11":{"start":{"line":12,"column":0},"end":{"line":12,"column":58}},"12":{"start":{"line":13,"column":0},"end":{"line":13,"column":49}},"14":{"start":{"line":15,"column":0},"end":{"line":15,"column":19}},"15":{"start":{"line":16,"column":0},"end":{"line":16,"column":49}},"16":{"start":{"line":17,"column":0},"end":{"line":17,"column":34}},"17":{"start":{"line":18,"column":0},"end":{"line":18,"column":25}},"18":{"start":{"line":19,"column":0},"end":{"line":19,"column":41}},"19":{"start":{"line":20,"column":0},"end":{"line":20,"column":49}},"20":{"start":{"line":21,"column":0},"end":{"line":21,"column":50}},"21":{"start":{"line":22,"column":0},"end":{"line":22,"column":22}},"22":{"start":{"line":23,"column":0},"end":{"line":23,"column":43}},"23":{"start":{"line":24,"column":0},"end":{"line":24,"column":10}},"24":{"start":{"line":25,"column":0},"end":{"line":25,"column":78}},"25":{"start":{"line":26,"column":0},"end":{"line":26,"column":9}},"27":{"start":{"line":28,"column":0},"end":{"line":28,"column":10}},"28":{"start":{"line":29,"column":0},"end":{"line":29,"column":11}},"29":{"start":{"line":30,"column":0},"end":{"line":30,"column":25}},"30":{"start":{"line":31,"column":0},"end":{"line":31,"column":11}},"31":{"start":{"line":32,"column":0},"end":{"line":32,"column":23}},"32":{"start":{"line":33,"column":0},"end":{"line":33,"column":64}},"33":{"start":{"line":34,"column":0},"end":{"line":34,"column":8}},"35":{"start":{"line":36,"column":0},"end":{"line":36,"column":33}},"36":{"start":{"line":37,"column":0},"end":{"line":37,"column":37}},"37":{"start":{"line":38,"column":0},"end":{"line":38,"column":19}},"38":{"start":{"line":39,"column":0},"end":{"line":39,"column":18}},"39":{"start":{"line":40,"column":0},"end":{"line":40,"column":25}},"40":{"start":{"line":41,"column":0},"end":{"line":41,"column":55}},"42":{"start":{"line":43,"column":0},"end":{"line":43,"column":26}},"43":{"start":{"line":44,"column":0},"end":{"line":44,"column":44}},"44":{"start":{"line":45,"column":0},"end":{"line":45,"column":68}},"45":{"start":{"line":46,"column":0},"end":{"line":46,"column":27}},"46":{"start":{"line":47,"column":0},"end":{"line":47,"column":46}},"47":{"start":{"line":48,"column":0},"end":{"line":48,"column":21}},"48":{"start":{"line":49,"column":0},"end":{"line":49,"column":11}},"49":{"start":{"line":50,"column":0},"end":{"line":50,"column":13}},"50":{"start":{"line":51,"column":0},"end":{"line":51,"column":13}},"52":{"start":{"line":53,"column":0},"end":{"line":53,"column":1}},"54":{"start":{"line":55,"column":0},"end":{"line":55,"column":23}}},"s":{"0":1,"1":1,"3":1,"4":1,"5":1,"10":9,"11":9,"12":9,"14":9,"15":5,"16":5,"17":5,"18":5,"19":5,"20":5,"21":5,"22":5,"23":5,"24":5,"25":9,"27":9,"28":9,"29":9,"30":9,"31":9,"32":9,"33":9,"35":9,"36":9,"37":12,"38":12,"39":12,"40":12,"42":12,"43":12,"44":12,"45":12,"46":12,"47":12,"48":9,"49":9,"50":9,"52":9,"54":1},"branchMap":{"0":{"type":"branch","line":11,"loc":{"start":{"line":11,"column":0},"end":{"line":53,"column":1}},"locations":[{"start":{"line":11,"column":0},"end":{"line":53,"column":1}}]},"1":{"type":"branch","line":15,"loc":{"start":{"line":15,"column":12},"end":{"line":26,"column":5}},"locations":[{"start":{"line":15,"column":12},"end":{"line":26,"column":5}}]},"2":{"type":"branch","line":17,"loc":{"start":{"line":17,"column":14},"end":{"line":17,"column":33}},"locations":[{"start":{"line":17,"column":14},"end":{"line":17,"column":33}}]},"3":{"type":"branch","line":18,"loc":{"start":{"line":18,"column":14},"end":{"line":24,"column":9}},"locations":[{"start":{"line":18,"column":14},"end":{"line":24,"column":9}}]},"4":{"type":"branch","line":20,"loc":{"start":{"line":20,"column":19},"end":{"line":21,"column":49}},"locations":[{"start":{"line":20,"column":19},"end":{"line":21,"column":49}}]},"5":{"type":"branch","line":37,"loc":{"start":{"line":37,"column":23},"end":{"line":48,"column":21}},"locations":[{"start":{"line":37,"column":23},"end":{"line":48,"column":21}}]},"6":{"type":"branch","line":44,"loc":{"start":{"line":44,"column":27},"end":{"line":45,"column":54}},"locations":[{"start":{"line":44,"column":27},"end":{"line":45,"column":54}}]},"7":{"type":"branch","line":45,"loc":{"start":{"line":45,"column":49},"end":{"line":45,"column":68}},"locations":[{"start":{"line":45,"column":49},"end":{"line":45,"column":68}}]},"8":{"type":"branch","line":41,"loc":{"start":{"line":41,"column":21},"end":{"line":41,"column":55}},"locations":[{"start":{"line":41,"column":21},"end":{"line":41,"column":55}}]}},"b":{"0":[9],"1":[5],"2":[5],"3":[5],"4":[15],"5":[12],"6":[4],"7":[8],"8":[1]},"fnMap":{"0":{"name":"Sidebar","decl":{"start":{"line":11,"column":0},"end":{"line":53,"column":1}},"loc":{"start":{"line":11,"column":0},"end":{"line":53,"column":1}},"line":11},"1":{"name":"onClick","decl":{"start":{"line":41,"column":21},"end":{"line":41,"column":55}},"loc":{"start":{"line":41,"column":21},"end":{"line":41,"column":55}},"line":41}},"f":{"0":9,"1":1}}
,"C:\\Users\\JackyFu\\Desktop\\work\\CSE186\\A7\\frontend\\src\\utils.jsx": {"path":"C:\\Users\\JackyFu\\Desktop\\work\\CSE186\\A7\\frontend\\src\\utils.jsx","all":false,"statementMap":{"5":{"start":{"line":6,"column":0},"end":{"line":6,"column":40}},"6":{"start":{"line":7,"column":0},"end":{"line":7,"column":36}},"7":{"start":{"line":8,"column":0},"end":{"line":8,"column":51}},"8":{"start":{"line":9,"column":0},"end":{"line":9,"column":68}},"9":{"start":{"line":10,"column":0},"end":{"line":10,"column":1}}},"s":{"5":1,"6":14,"7":14,"8":14,"9":14},"branchMap":{"0":{"type":"branch","line":6,"loc":{"start":{"line":6,"column":7},"end":{"line":10,"column":1}},"locations":[{"start":{"line":6,"column":7},"end":{"line":10,"column":1}}]}},"b":{"0":[14]},"fnMap":{"0":{"name":"formatDate","decl":{"start":{"line":6,"column":7},"end":{"line":10,"column":1}},"loc":{"start":{"line":6,"column":7},"end":{"line":10,"column":1}},"line":6}},"f":{"0":14}}
}
