{"C:\\Users\\JackyFu\\Desktop\\work\\CSE186\\A7\\backend\\src\\app.js": {"path":"C:\\Users\\JackyFu\\Desktop\\work\\CSE186\\A7\\backend\\src\\app.js","all":false,"statementMap":{"0":{"start":{"line":1,"column":0},"end":{"line":1,"column":2}},"1":{"start":{"line":2,"column":0},"end":{"line":2,"column":71}},"2":{"start":{"line":3,"column":0},"end":{"line":3,"column":1}},"3":{"start":{"line":4,"column":0},"end":{"line":4,"column":64}},"4":{"start":{"line":5,"column":0},"end":{"line":5,"column":1}},"5":{"start":{"line":6,"column":0},"end":{"line":6,"column":67}},"6":{"start":{"line":7,"column":0},"end":{"line":7,"column":57}},"7":{"start":{"line":8,"column":0},"end":{"line":8,"column":1}},"8":{"start":{"line":9,"column":0},"end":{"line":9,"column":71}},"9":{"start":{"line":10,"column":0},"end":{"line":10,"column":2}},"10":{"start":{"line":11,"column":0},"end":{"line":11,"column":30}},"11":{"start":{"line":12,"column":0},"end":{"line":12,"column":24}},"12":{"start":{"line":13,"column":0},"end":{"line":13,"column":27}},"13":{"start":{"line":14,"column":0},"end":{"line":14,"column":43}},"14":{"start":{"line":15,"column":0},"end":{"line":15,"column":20}},"15":{"start":{"line":16,"column":0},"end":{"line":16,"column":29}},"16":{"start":{"line":17,"column":0},"end":{"line":17,"column":57}},"17":{"start":{"line":18,"column":0},"end":{"line":18,"column":39}},"18":{"start":{"line":19,"column":0},"end":{"line":19,"column":36}},"20":{"start":{"line":21,"column":0},"end":{"line":21,"column":50}},"21":{"start":{"line":22,"column":0},"end":{"line":22,"column":43}},"23":{"start":{"line":24,"column":0},"end":{"line":24,"column":22}},"24":{"start":{"line":25,"column":0},"end":{"line":25,"column":24}},"25":{"start":{"line":26,"column":0},"end":{"line":26,"column":47}},"27":{"start":{"line":28,"column":0},"end":{"line":28,"column":60}},"29":{"start":{"line":30,"column":0},"end":{"line":30,"column":59}},"30":{"start":{"line":31,"column":0},"end":{"line":31,"column":66}},"32":{"start":{"line":33,"column":0},"end":{"line":33,"column":67}},"33":{"start":{"line":34,"column":0},"end":{"line":34,"column":49}},"35":{"start":{"line":36,"column":0},"end":{"line":36,"column":8}},"36":{"start":{"line":37,"column":0},"end":{"line":37,"column":33}},"37":{"start":{"line":38,"column":0},"end":{"line":38,"column":23}},"38":{"start":{"line":39,"column":0},"end":{"line":39,"column":29}},"39":{"start":{"line":40,"column":0},"end":{"line":40,"column":30}},"40":{"start":{"line":41,"column":0},"end":{"line":41,"column":7}},"41":{"start":{"line":42,"column":0},"end":{"line":42,"column":2}},"43":{"start":{"line":44,"column":0},"end":{"line":44,"column":58}},"44":{"start":{"line":45,"column":0},"end":{"line":45,"column":59}},"45":{"start":{"line":46,"column":0},"end":{"line":46,"column":48}},"46":{"start":{"line":47,"column":0},"end":{"line":47,"column":39}},"47":{"start":{"line":48,"column":0},"end":{"line":48,"column":45}},"49":{"start":{"line":50,"column":0},"end":{"line":50,"column":34}},"50":{"start":{"line":51,"column":0},"end":{"line":51,"column":31}},"51":{"start":{"line":52,"column":0},"end":{"line":52,"column":25}},"52":{"start":{"line":53,"column":0},"end":{"line":53,"column":23}},"53":{"start":{"line":54,"column":0},"end":{"line":54,"column":23}},"54":{"start":{"line":55,"column":0},"end":{"line":55,"column":5}},"55":{"start":{"line":56,"column":0},"end":{"line":56,"column":3}},"57":{"start":{"line":58,"column":0},"end":{"line":58,"column":19}}},"s":{"0":1,"1":1,"2":1,"3":1,"4":1,"5":1,"6":1,"7":1,"8":1,"9":1,"10":1,"11":1,"12":1,"13":1,"14":1,"15":1,"16":1,"17":1,"18":1,"20":1,"21":1,"23":1,"24":1,"25":1,"27":1,"29":1,"30":1,"32":1,"33":1,"35":1,"36":1,"37":1,"38":1,"39":1,"40":1,"41":1,"43":1,"44":1,"45":1,"46":1,"47":1,"49":1,"50":2,"51":2,"52":2,"53":2,"54":2,"55":1,"57":1},"branchMap":{"0":{"type":"branch","line":50,"loc":{"start":{"line":50,"column":8},"end":{"line":56,"column":2}},"locations":[{"start":{"line":50,"column":8},"end":{"line":56,"column":2}}]}},"b":{"0":[2]},"fnMap":{},"f":{}}
,"C:\\Users\\JackyFu\\Desktop\\work\\CSE186\\A7\\backend\\src\\email.js": {"path":"C:\\Users\\JackyFu\\Desktop\\work\\CSE186\\A7\\backend\\src\\email.js","all":false,"statementMap":{"0":{"start":{"line":1,"column":0},"end":{"line":1,"column":35}},"2":{"start":{"line":3,"column":0},"end":{"line":3,"column":3}},"3":{"start":{"line":4,"column":0},"end":{"line":4,"column":2}},"4":{"start":{"line":5,"column":0},"end":{"line":5,"column":30}},"5":{"start":{"line":6,"column":0},"end":{"line":6,"column":31}},"6":{"start":{"line":7,"column":0},"end":{"line":7,"column":3}},"7":{"start":{"line":8,"column":0},"end":{"line":8,"column":47}},"8":{"start":{"line":9,"column":0},"end":{"line":9,"column":47}},"9":{"start":{"line":10,"column":0},"end":{"line":10,"column":32}},"10":{"start":{"line":11,"column":0},"end":{"line":11,"column":1}},"12":{"start":{"line":13,"column":0},"end":{"line":13,"column":3}},"13":{"start":{"line":14,"column":0},"end":{"line":14,"column":2}},"14":{"start":{"line":15,"column":0},"end":{"line":15,"column":30}},"15":{"start":{"line":16,"column":0},"end":{"line":16,"column":31}},"16":{"start":{"line":17,"column":0},"end":{"line":17,"column":3}},"17":{"start":{"line":18,"column":0},"end":{"line":18,"column":41}},"18":{"start":{"line":19,"column":0},"end":{"line":19,"column":57}},"19":{"start":{"line":20,"column":0},"end":{"line":20,"column":13}},"20":{"start":{"line":21,"column":0},"end":{"line":21,"column":31}},"21":{"start":{"line":22,"column":0},"end":{"line":22,"column":10}},"22":{"start":{"line":23,"column":0},"end":{"line":23,"column":55}},"23":{"start":{"line":24,"column":0},"end":{"line":24,"column":3}},"24":{"start":{"line":25,"column":0},"end":{"line":25,"column":1}},"26":{"start":{"line":27,"column":0},"end":{"line":27,"column":3}},"27":{"start":{"line":28,"column":0},"end":{"line":28,"column":2}},"28":{"start":{"line":29,"column":0},"end":{"line":29,"column":30}},"29":{"start":{"line":30,"column":0},"end":{"line":30,"column":31}},"30":{"start":{"line":31,"column":0},"end":{"line":31,"column":34}},"31":{"start":{"line":32,"column":0},"end":{"line":32,"column":3}},"32":{"start":{"line":33,"column":0},"end":{"line":33,"column":43}},"33":{"start":{"line":34,"column":0},"end":{"line":34,"column":71}},"35":{"start":{"line":36,"column":0},"end":{"line":36,"column":17}},"36":{"start":{"line":37,"column":0},"end":{"line":37,"column":34}},"37":{"start":{"line":38,"column":0},"end":{"line":38,"column":38}},"38":{"start":{"line":39,"column":0},"end":{"line":39,"column":59}},"39":{"start":{"line":40,"column":0},"end":{"line":40,"column":10}},"40":{"start":{"line":41,"column":0},"end":{"line":41,"column":65}},"41":{"start":{"line":42,"column":0},"end":{"line":42,"column":3}},"42":{"start":{"line":43,"column":0},"end":{"line":43,"column":1}}},"s":{"0":1,"2":1,"3":1,"4":1,"5":1,"6":1,"7":1,"8":3,"9":3,"10":3,"12":1,"13":1,"14":1,"15":1,"16":1,"17":1,"18":23,"19":23,"20":20,"21":23,"22":3,"23":3,"24":23,"26":1,"27":1,"28":1,"29":1,"30":1,"31":1,"32":1,"33":11,"35":11,"36":6,"37":11,"38":3,"39":5,"40":2,"41":2,"42":11},"branchMap":{"0":{"type":"branch","line":8,"loc":{"start":{"line":8,"column":7},"end":{"line":11,"column":1}},"locations":[{"start":{"line":8,"column":7},"end":{"line":11,"column":1}}]},"1":{"type":"branch","line":18,"loc":{"start":{"line":18,"column":7},"end":{"line":25,"column":1}},"locations":[{"start":{"line":18,"column":7},"end":{"line":25,"column":1}}]},"2":{"type":"branch","line":20,"loc":{"start":{"line":20,"column":12},"end":{"line":22,"column":3}},"locations":[{"start":{"line":20,"column":12},"end":{"line":22,"column":3}}]},"3":{"type":"branch","line":22,"loc":{"start":{"line":22,"column":3},"end":{"line":24,"column":3}},"locations":[{"start":{"line":22,"column":3},"end":{"line":24,"column":3}}]},"4":{"type":"branch","line":33,"loc":{"start":{"line":33,"column":7},"end":{"line":43,"column":1}},"locations":[{"start":{"line":33,"column":7},"end":{"line":43,"column":1}}]},"5":{"type":"branch","line":36,"loc":{"start":{"line":36,"column":16},"end":{"line":38,"column":3}},"locations":[{"start":{"line":36,"column":16},"end":{"line":38,"column":3}}]},"6":{"type":"branch","line":38,"loc":{"start":{"line":38,"column":3},"end":{"line":42,"column":3}},"locations":[{"start":{"line":38,"column":3},"end":{"line":42,"column":3}}]},"7":{"type":"branch","line":38,"loc":{"start":{"line":38,"column":37},"end":{"line":40,"column":3}},"locations":[{"start":{"line":38,"column":37},"end":{"line":40,"column":3}}]},"8":{"type":"branch","line":40,"loc":{"start":{"line":40,"column":3},"end":{"line":42,"column":3}},"locations":[{"start":{"line":40,"column":3},"end":{"line":42,"column":3}}]}},"b":{"0":[3],"1":[23],"2":[20],"3":[3],"4":[11],"5":[6],"6":[5],"7":[3],"8":[2]},"fnMap":{"0":{"name":"getAllMailbox","decl":{"start":{"line":8,"column":7},"end":{"line":11,"column":1}},"loc":{"start":{"line":8,"column":7},"end":{"line":11,"column":1}},"line":8},"1":{"name":"getMail","decl":{"start":{"line":18,"column":7},"end":{"line":25,"column":1}},"loc":{"start":{"line":18,"column":7},"end":{"line":25,"column":1}},"line":18},"2":{"name":"moveEmail","decl":{"start":{"line":33,"column":7},"end":{"line":43,"column":1}},"loc":{"start":{"line":33,"column":7},"end":{"line":43,"column":1}},"line":33}},"f":{"0":3,"1":23,"2":11}}
,"C:\\Users\\JackyFu\\Desktop\\work\\CSE186\\A7\\backend\\src\\emaildb.js": {"path":"C:\\Users\\JackyFu\\Desktop\\work\\CSE186\\A7\\backend\\src\\emaildb.js","all":false,"statementMap":{"0":{"start":{"line":1,"column":0},"end":{"line":1,"column":20}},"2":{"start":{"line":3,"column":0},"end":{"line":3,"column":26}},"3":{"start":{"line":4,"column":0},"end":{"line":4,"column":20}},"4":{"start":{"line":5,"column":0},"end":{"line":5,"column":13}},"5":{"start":{"line":6,"column":0},"end":{"line":6,"column":36}},"6":{"start":{"line":7,"column":0},"end":{"line":7,"column":34}},"7":{"start":{"line":8,"column":0},"end":{"line":8,"column":42}},"8":{"start":{"line":9,"column":0},"end":{"line":9,"column":3}},"10":{"start":{"line":11,"column":0},"end":{"line":11,"column":47}},"11":{"start":{"line":12,"column":0},"end":{"line":12,"column":64}},"13":{"start":{"line":14,"column":0},"end":{"line":14,"column":3}},"14":{"start":{"line":15,"column":0},"end":{"line":15,"column":2}},"15":{"start":{"line":16,"column":0},"end":{"line":16,"column":32}},"16":{"start":{"line":17,"column":0},"end":{"line":17,"column":3}},"17":{"start":{"line":18,"column":0},"end":{"line":18,"column":43}},"18":{"start":{"line":19,"column":0},"end":{"line":19,"column":17}},"19":{"start":{"line":20,"column":0},"end":{"line":20,"column":51}},"20":{"start":{"line":21,"column":0},"end":{"line":21,"column":18}},"21":{"start":{"line":22,"column":0},"end":{"line":22,"column":6}},"23":{"start":{"line":24,"column":0},"end":{"line":24,"column":41}},"25":{"start":{"line":26,"column":0},"end":{"line":26,"column":37}},"26":{"start":{"line":27,"column":0},"end":{"line":27,"column":1}},"28":{"start":{"line":29,"column":0},"end":{"line":29,"column":3}},"29":{"start":{"line":30,"column":0},"end":{"line":30,"column":2}},"30":{"start":{"line":31,"column":0},"end":{"line":31,"column":38}},"31":{"start":{"line":32,"column":0},"end":{"line":32,"column":32}},"32":{"start":{"line":33,"column":0},"end":{"line":33,"column":3}},"33":{"start":{"line":34,"column":0},"end":{"line":34,"column":46}},"34":{"start":{"line":35,"column":0},"end":{"line":35,"column":12}},"35":{"start":{"line":36,"column":0},"end":{"line":36,"column":18}},"37":{"start":{"line":38,"column":0},"end":{"line":38,"column":23}},"38":{"start":{"line":39,"column":0},"end":{"line":39,"column":21}},"39":{"start":{"line":40,"column":0},"end":{"line":40,"column":3}},"41":{"start":{"line":42,"column":0},"end":{"line":42,"column":17}},"42":{"start":{"line":43,"column":0},"end":{"line":43,"column":21}},"43":{"start":{"line":44,"column":0},"end":{"line":44,"column":10}},"44":{"start":{"line":45,"column":0},"end":{"line":45,"column":13}},"45":{"start":{"line":46,"column":0},"end":{"line":46,"column":56}},"46":{"start":{"line":47,"column":0},"end":{"line":47,"column":50}},"47":{"start":{"line":48,"column":0},"end":{"line":48,"column":17}},"48":{"start":{"line":49,"column":0},"end":{"line":49,"column":49}},"49":{"start":{"line":50,"column":0},"end":{"line":50,"column":40}},"50":{"start":{"line":51,"column":0},"end":{"line":51,"column":8}},"51":{"start":{"line":52,"column":0},"end":{"line":52,"column":23}},"52":{"start":{"line":53,"column":0},"end":{"line":53,"column":3}},"54":{"start":{"line":55,"column":0},"end":{"line":55,"column":49}},"56":{"start":{"line":57,"column":0},"end":{"line":57,"column":63}},"57":{"start":{"line":58,"column":0},"end":{"line":58,"column":21}},"58":{"start":{"line":59,"column":0},"end":{"line":59,"column":3}},"60":{"start":{"line":61,"column":0},"end":{"line":61,"column":14}},"61":{"start":{"line":62,"column":0},"end":{"line":62,"column":1}},"63":{"start":{"line":64,"column":0},"end":{"line":64,"column":3}},"64":{"start":{"line":65,"column":0},"end":{"line":65,"column":2}},"65":{"start":{"line":66,"column":0},"end":{"line":66,"column":28}},"66":{"start":{"line":67,"column":0},"end":{"line":67,"column":38}},"67":{"start":{"line":68,"column":0},"end":{"line":68,"column":36}},"68":{"start":{"line":69,"column":0},"end":{"line":69,"column":3}},"69":{"start":{"line":70,"column":0},"end":{"line":70,"column":45}},"70":{"start":{"line":71,"column":0},"end":{"line":71,"column":40}},"71":{"start":{"line":72,"column":0},"end":{"line":72,"column":21}},"72":{"start":{"line":73,"column":0},"end":{"line":73,"column":3}},"74":{"start":{"line":75,"column":0},"end":{"line":75,"column":28}},"75":{"start":{"line":76,"column":0},"end":{"line":76,"column":61}},"76":{"start":{"line":77,"column":0},"end":{"line":77,"column":61}},"78":{"start":{"line":79,"column":0},"end":{"line":79,"column":30}},"79":{"start":{"line":80,"column":0},"end":{"line":80,"column":21}},"80":{"start":{"line":81,"column":0},"end":{"line":81,"column":3}},"82":{"start":{"line":83,"column":0},"end":{"line":83,"column":47}},"84":{"start":{"line":85,"column":0},"end":{"line":85,"column":48}},"85":{"start":{"line":86,"column":0},"end":{"line":86,"column":73}},"86":{"start":{"line":87,"column":0},"end":{"line":87,"column":72}},"88":{"start":{"line":89,"column":0},"end":{"line":89,"column":16}},"89":{"start":{"line":90,"column":0},"end":{"line":90,"column":33}},"90":{"start":{"line":91,"column":0},"end":{"line":91,"column":44}},"91":{"start":{"line":92,"column":0},"end":{"line":92,"column":21}},"92":{"start":{"line":93,"column":0},"end":{"line":93,"column":10}},"93":{"start":{"line":94,"column":0},"end":{"line":94,"column":34}},"94":{"start":{"line":95,"column":0},"end":{"line":95,"column":3}},"96":{"start":{"line":97,"column":0},"end":{"line":97,"column":67}},"97":{"start":{"line":98,"column":0},"end":{"line":98,"column":27}},"98":{"start":{"line":99,"column":0},"end":{"line":99,"column":35}},"99":{"start":{"line":100,"column":0},"end":{"line":100,"column":3}},"101":{"start":{"line":102,"column":0},"end":{"line":102,"column":39}},"102":{"start":{"line":103,"column":0},"end":{"line":103,"column":16}},"103":{"start":{"line":104,"column":0},"end":{"line":104,"column":3}},"105":{"start":{"line":106,"column":0},"end":{"line":106,"column":28}},"106":{"start":{"line":107,"column":0},"end":{"line":107,"column":23}},"107":{"start":{"line":108,"column":0},"end":{"line":108,"column":16}},"108":{"start":{"line":109,"column":0},"end":{"line":109,"column":21}},"109":{"start":{"line":110,"column":0},"end":{"line":110,"column":17}},"110":{"start":{"line":111,"column":0},"end":{"line":111,"column":16}},"111":{"start":{"line":112,"column":0},"end":{"line":112,"column":2}},"112":{"start":{"line":113,"column":0},"end":{"line":113,"column":49}},"114":{"start":{"line":115,"column":0},"end":{"line":115,"column":14}},"115":{"start":{"line":116,"column":0},"end":{"line":116,"column":1}}},"s":{"0":1,"2":1,"3":1,"4":1,"5":1,"6":1,"7":1,"8":1,"10":1,"11":1,"13":1,"14":1,"15":1,"16":1,"17":1,"18":3,"19":3,"20":3,"21":3,"23":3,"25":3,"26":3,"28":1,"29":1,"30":1,"31":1,"32":1,"33":1,"34":23,"35":23,"37":23,"38":1,"39":1,"41":23,"42":1,"43":23,"44":21,"45":21,"46":21,"47":21,"48":21,"49":21,"50":21,"51":21,"52":21,"54":21,"56":23,"57":1,"58":1,"60":20,"61":20,"63":1,"64":1,"65":1,"66":1,"67":1,"68":1,"69":1,"70":11,"71":1,"72":1,"74":10,"75":10,"76":10,"78":11,"79":1,"80":1,"82":9,"84":9,"85":9,"86":9,"88":9,"89":11,"90":1,"91":1,"92":11,"93":8,"94":8,"96":8,"97":11,"98":2,"99":2,"101":11,"102":1,"103":1,"105":5,"106":5,"107":5,"108":5,"109":5,"110":5,"111":5,"112":5,"114":5,"115":5},"branchMap":{"0":{"type":"branch","line":18,"loc":{"start":{"line":18,"column":7},"end":{"line":27,"column":1}},"locations":[{"start":{"line":18,"column":7},"end":{"line":27,"column":1}}]},"1":{"type":"branch","line":26,"loc":{"start":{"line":26,"column":18},"end":{"line":26,"column":35}},"locations":[{"start":{"line":26,"column":18},"end":{"line":26,"column":35}}]},"2":{"type":"branch","line":34,"loc":{"start":{"line":34,"column":7},"end":{"line":62,"column":1}},"locations":[{"start":{"line":34,"column":7},"end":{"line":62,"column":1}}]},"3":{"type":"branch","line":38,"loc":{"start":{"line":38,"column":22},"end":{"line":40,"column":3}},"locations":[{"start":{"line":38,"column":22},"end":{"line":40,"column":3}}]},"4":{"type":"branch","line":40,"loc":{"start":{"line":40,"column":2},"end":{"line":42,"column":16}},"locations":[{"start":{"line":40,"column":2},"end":{"line":42,"column":16}}]},"5":{"type":"branch","line":42,"loc":{"start":{"line":42,"column":16},"end":{"line":44,"column":3}},"locations":[{"start":{"line":42,"column":16},"end":{"line":44,"column":3}}]},"6":{"type":"branch","line":44,"loc":{"start":{"line":44,"column":3},"end":{"line":57,"column":34}},"locations":[{"start":{"line":44,"column":3},"end":{"line":57,"column":34}}]},"7":{"type":"branch","line":57,"loc":{"start":{"line":57,"column":35},"end":{"line":57,"column":43}},"locations":[{"start":{"line":57,"column":35},"end":{"line":57,"column":43}}]},"8":{"type":"branch","line":57,"loc":{"start":{"line":57,"column":44},"end":{"line":57,"column":60}},"locations":[{"start":{"line":57,"column":44},"end":{"line":57,"column":60}}]},"9":{"type":"branch","line":57,"loc":{"start":{"line":57,"column":62},"end":{"line":59,"column":3}},"locations":[{"start":{"line":57,"column":62},"end":{"line":59,"column":3}}]},"10":{"type":"branch","line":59,"loc":{"start":{"line":59,"column":2},"end":{"line":62,"column":1}},"locations":[{"start":{"line":59,"column":2},"end":{"line":62,"column":1}}]},"11":{"type":"branch","line":70,"loc":{"start":{"line":70,"column":7},"end":{"line":116,"column":1}},"locations":[{"start":{"line":70,"column":7},"end":{"line":116,"column":1}}]},"12":{"type":"branch","line":71,"loc":{"start":{"line":71,"column":26},"end":{"line":71,"column":37}},"locations":[{"start":{"line":71,"column":26},"end":{"line":71,"column":37}}]},"13":{"type":"branch","line":71,"loc":{"start":{"line":71,"column":39},"end":{"line":73,"column":3}},"locations":[{"start":{"line":71,"column":39},"end":{"line":73,"column":3}}]},"14":{"type":"branch","line":73,"loc":{"start":{"line":73,"column":2},"end":{"line":79,"column":29}},"locations":[{"start":{"line":73,"column":2},"end":{"line":79,"column":29}}]},"15":{"type":"branch","line":79,"loc":{"start":{"line":79,"column":29},"end":{"line":81,"column":3}},"locations":[{"start":{"line":79,"column":29},"end":{"line":81,"column":3}}]},"16":{"type":"branch","line":81,"loc":{"start":{"line":81,"column":2},"end":{"line":90,"column":32}},"locations":[{"start":{"line":81,"column":2},"end":{"line":90,"column":32}}]},"17":{"type":"branch","line":90,"loc":{"start":{"line":90,"column":32},"end":{"line":93,"column":3}},"locations":[{"start":{"line":90,"column":32},"end":{"line":93,"column":3}}]},"18":{"type":"branch","line":93,"loc":{"start":{"line":93,"column":3},"end":{"line":98,"column":26}},"locations":[{"start":{"line":93,"column":3},"end":{"line":98,"column":26}}]},"19":{"type":"branch","line":98,"loc":{"start":{"line":98,"column":26},"end":{"line":100,"column":3}},"locations":[{"start":{"line":98,"column":26},"end":{"line":100,"column":3}}]},"20":{"type":"branch","line":100,"loc":{"start":{"line":100,"column":2},"end":{"line":102,"column":38}},"locations":[{"start":{"line":100,"column":2},"end":{"line":102,"column":38}}]},"21":{"type":"branch","line":102,"loc":{"start":{"line":102,"column":38},"end":{"line":104,"column":3}},"locations":[{"start":{"line":102,"column":38},"end":{"line":104,"column":3}}]},"22":{"type":"branch","line":104,"loc":{"start":{"line":104,"column":2},"end":{"line":116,"column":1}},"locations":[{"start":{"line":104,"column":2},"end":{"line":116,"column":1}}]}},"b":{"0":[3],"1":[9],"2":[23],"3":[1],"4":[22],"5":[1],"6":[21],"7":[21],"8":[21],"9":[1],"10":[20],"11":[11],"12":[10],"13":[1],"14":[10],"15":[1],"16":[9],"17":[1],"18":[8],"19":[2],"20":[6],"21":[1],"22":[5]},"fnMap":{"0":{"name":"selectMailboxName","decl":{"start":{"line":18,"column":7},"end":{"line":27,"column":1}},"loc":{"start":{"line":18,"column":7},"end":{"line":27,"column":1}},"line":18},"1":{"name":"selectMailbox","decl":{"start":{"line":34,"column":7},"end":{"line":62,"column":1}},"loc":{"start":{"line":34,"column":7},"end":{"line":62,"column":1}},"line":34},"2":{"name":"moveMail","decl":{"start":{"line":70,"column":7},"end":{"line":116,"column":1}},"loc":{"start":{"line":70,"column":7},"end":{"line":116,"column":1}},"line":70}},"f":{"0":3,"1":23,"2":11}}
,"C:\\Users\\JackyFu\\Desktop\\work\\CSE186\\A7\\backend\\test\\db.js": {"path":"C:\\Users\\JackyFu\\Desktop\\work\\CSE186\\A7\\backend\\test\\db.js","all":false,"statementMap":{"0":{"start":{"line":1,"column":0},"end":{"line":1,"column":2}},"1":{"start":{"line":2,"column":0},"end":{"line":2,"column":71}},"2":{"start":{"line":3,"column":0},"end":{"line":3,"column":1}},"3":{"start":{"line":4,"column":0},"end":{"line":4,"column":64}},"4":{"start":{"line":5,"column":0},"end":{"line":5,"column":1}},"5":{"start":{"line":6,"column":0},"end":{"line":6,"column":67}},"6":{"start":{"line":7,"column":0},"end":{"line":7,"column":57}},"7":{"start":{"line":8,"column":0},"end":{"line":8,"column":1}},"8":{"start":{"line":9,"column":0},"end":{"line":9,"column":71}},"9":{"start":{"line":10,"column":0},"end":{"line":10,"column":2}},"10":{"start":{"line":11,"column":0},"end":{"line":11,"column":2}},"11":{"start":{"line":12,"column":0},"end":{"line":12,"column":71}},"12":{"start":{"line":13,"column":0},"end":{"line":13,"column":71}},"13":{"start":{"line":14,"column":0},"end":{"line":14,"column":71}},"14":{"start":{"line":15,"column":0},"end":{"line":15,"column":2}},"16":{"start":{"line":17,"column":0},"end":{"line":17,"column":20}},"17":{"start":{"line":18,"column":0},"end":{"line":18,"column":20}},"18":{"start":{"line":19,"column":0},"end":{"line":19,"column":28}},"20":{"start":{"line":21,"column":0},"end":{"line":21,"column":16}},"21":{"start":{"line":22,"column":0},"end":{"line":22,"column":31}},"23":{"start":{"line":24,"column":0},"end":{"line":24,"column":26}},"24":{"start":{"line":25,"column":0},"end":{"line":25,"column":20}},"25":{"start":{"line":26,"column":0},"end":{"line":26,"column":13}},"26":{"start":{"line":27,"column":0},"end":{"line":27,"column":36}},"27":{"start":{"line":28,"column":0},"end":{"line":28,"column":34}},"28":{"start":{"line":29,"column":0},"end":{"line":29,"column":42}},"29":{"start":{"line":30,"column":0},"end":{"line":30,"column":3}},"31":{"start":{"line":32,"column":0},"end":{"line":32,"column":29}},"32":{"start":{"line":33,"column":0},"end":{"line":33,"column":48}},"33":{"start":{"line":34,"column":0},"end":{"line":34,"column":39}},"34":{"start":{"line":35,"column":0},"end":{"line":35,"column":21}},"35":{"start":{"line":36,"column":0},"end":{"line":36,"column":27}},"36":{"start":{"line":37,"column":0},"end":{"line":37,"column":23}},"37":{"start":{"line":38,"column":0},"end":{"line":38,"column":28}},"38":{"start":{"line":39,"column":0},"end":{"line":39,"column":29}},"39":{"start":{"line":40,"column":0},"end":{"line":40,"column":34}},"40":{"start":{"line":41,"column":0},"end":{"line":41,"column":21}},"41":{"start":{"line":42,"column":0},"end":{"line":42,"column":5}},"42":{"start":{"line":43,"column":0},"end":{"line":43,"column":3}},"43":{"start":{"line":44,"column":0},"end":{"line":44,"column":2}},"45":{"start":{"line":46,"column":0},"end":{"line":46,"column":3}},"46":{"start":{"line":47,"column":0},"end":{"line":47,"column":3}},"47":{"start":{"line":48,"column":0},"end":{"line":48,"column":31}},"48":{"start":{"line":49,"column":0},"end":{"line":49,"column":30}},"49":{"start":{"line":50,"column":0},"end":{"line":50,"column":28}},"50":{"start":{"line":51,"column":0},"end":{"line":51,"column":2}},"52":{"start":{"line":53,"column":0},"end":{"line":53,"column":3}},"53":{"start":{"line":54,"column":0},"end":{"line":54,"column":3}},"54":{"start":{"line":55,"column":0},"end":{"line":55,"column":25}},"55":{"start":{"line":56,"column":0},"end":{"line":56,"column":13}},"56":{"start":{"line":57,"column":0},"end":{"line":57,"column":2}}},"s":{"0":1,"1":1,"2":1,"3":1,"4":1,"5":1,"6":1,"7":1,"8":1,"9":1,"10":1,"11":1,"12":1,"13":1,"14":1,"16":1,"17":1,"18":1,"20":1,"21":1,"23":1,"24":1,"25":1,"26":1,"27":1,"28":1,"29":1,"31":1,"32":2,"33":2,"34":2,"35":2,"36":347,"37":347,"38":347,"39":313,"40":313,"41":313,"42":347,"43":2,"45":1,"46":1,"47":1,"48":1,"49":1,"50":1,"52":1,"53":1,"54":1,"55":1,"56":1},"branchMap":{"0":{"type":"branch","line":32,"loc":{"start":{"line":32,"column":12},"end":{"line":44,"column":2}},"locations":[{"start":{"line":32,"column":12},"end":{"line":44,"column":2}}]},"1":{"type":"branch","line":36,"loc":{"start":{"line":36,"column":26},"end":{"line":43,"column":3}},"locations":[{"start":{"line":36,"column":26},"end":{"line":43,"column":3}}]},"2":{"type":"branch","line":39,"loc":{"start":{"line":39,"column":28},"end":{"line":42,"column":5}},"locations":[{"start":{"line":39,"column":28},"end":{"line":42,"column":5}}]},"3":{"type":"branch","line":48,"loc":{"start":{"line":48,"column":7},"end":{"line":51,"column":2}},"locations":[{"start":{"line":48,"column":7},"end":{"line":51,"column":2}}]},"4":{"type":"branch","line":55,"loc":{"start":{"line":55,"column":7},"end":{"line":57,"column":2}},"locations":[{"start":{"line":55,"column":7},"end":{"line":57,"column":2}}]}},"b":{"0":[2],"1":[347],"2":[313],"3":[1],"4":[1]},"fnMap":{"0":{"name":"run","decl":{"start":{"line":32,"column":12},"end":{"line":44,"column":2}},"loc":{"start":{"line":32,"column":12},"end":{"line":44,"column":2}},"line":32},"1":{"name":"reset","decl":{"start":{"line":48,"column":7},"end":{"line":51,"column":2}},"loc":{"start":{"line":48,"column":7},"end":{"line":51,"column":2}},"line":48},"2":{"name":"close","decl":{"start":{"line":55,"column":7},"end":{"line":57,"column":2}},"loc":{"start":{"line":55,"column":7},"end":{"line":57,"column":2}},"line":55}},"f":{"0":2,"1":1,"2":1}}
}
